<?xml version="1.0" encoding="UTF-8"?>
<!-- Generated by org.testng.reporters.JUnitXMLReporter -->
<testsuite ignored="0" hostname="Khosuzs-MBP.lan" failures="0" tests="21" name="Regression Test Suit" time="52.846" errors="0" timestamp="2021-01-10T23:43:50 EST">
  <testcase classname="com.pageTest.Component_2_Test" name="clicToRemoveButtonTest" time="0.988"/>
  <testcase classname="com.pageTest.Component_2_Test" name="displayItemsTest" time="0.448"/>
  <testcase classname="com.pageTest.Component_2_Test" name="selectLisItemtInVisiblilityTest" time="0.722"/>
  <testcase classname="com.pageTest.Component_2_Test" name="selectListVisiblilityTest" time="0.602"/>
  <testcase classname="com.pageTest.Component_2_Test" name="pageTitleTest" time="0.023"/>
  <testcase classname="com.pageTest.Component_2_Test" name="clickToAddButtonTest" time="0.306"/>
  <testcase classname="com.pageTest.Component_1_Test" name="pageTitleTest" time="0.011"/>
  <testcase classname="com.pageTest.Component_1_Test" name="clearTheBoxTest" time="0.047"/>
  <testcase classname="com.pageTest.Component_1_Test" name="setNewValueTest" time="0.353"/>
  <testcase classname="com.pageTest.Component_1_Test" name="setNewValueTest" time="0.205"/>
  <testcase classname="com.pageTest.Component_1_Test" name="setNewValueTest" time="0.277"/>
  <testcase classname="com.pageTest.Component_1_Test" name="setNewValueTest" time="0.208"/>
  <testcase classname="com.pageTest.Component_1_Test" name="displayTitleDataTest" time="0.402"/>
  <testcase classname="com.pageTest.Component_1_Test" name="displayTitleDataTest" time="0.39"/>
  <testcase classname="com.pageTest.Component_1_Test" name="displayTitleDataTest" time="0.289"/>
  <testcase classname="com.pageTest.Component_1_Test" name="displayTitleDataTest" time="0.369"/>
  <testcase classname="com.pageTest.Component_3_Test" name="availableDataTest" time="0.097"/>
  <testcase classname="com.pageTest.Component_3_Test" name="firstRowDataTest" time="0.099"/>
  <testcase classname="com.pageTest.Component_3_Test" name="getFirstColumnDataTest" time="0.122"/>
  <testcase classname="com.pageTest.Component_3_Test" name="totalRowsAndColumnTest" time="0.082"/>
  <testcase classname="com.pageTest.Component_3_Test" name="pageTitleTest" time="0.006"/>
</testsuite> <!-- Regression Test Suit -->
