<?xml version="1.0" encoding="UTF-8"?>
<!-- Generated by org.testng.reporters.JUnitXMLReporter -->
<testsuite ignored="0" hostname="Khosuzs-MBP.lan" failures="1" tests="21" name="Command line test" time="48.754" errors="0" timestamp="2021-01-11T13:49:39 EST">
  <testcase classname="com.pageTest.Component_2_Test" name="clicToRemoveButtonTest" time="1.304"/>
  <testcase classname="com.pageTest.Component_2_Test" name="displayItemsTest" time="0.32"/>
  <testcase classname="com.pageTest.Component_2_Test" name="selectLisItemtInVisiblilityTest" time="0.734"/>
  <testcase classname="com.pageTest.Component_2_Test" name="selectListVisiblilityTest" time="0.553"/>
  <testcase classname="com.pageTest.Component_2_Test" name="pageTitleTest" time="0.008">
    <failure type="java.lang.AssertionError" message="React App expected:&amp;lt;React App&amp;gt; but was:&amp;lt;Page Title Doesnt match&amp;gt;">
      <![CDATA[java.lang.AssertionError: React App expected:<React App> but was:<Page Title Doesnt match>
at com.pageTest.Component_2_Test.pageTitleTest(Component_2_Test.java:36)
at java.base/java.util.ArrayList.forEach(ArrayList.java:1511)
... Removed 38 stack frames]]>
    </failure>
  </testcase> <!-- pageTitleTest -->
  <testcase classname="com.pageTest.Component_2_Test" name="clickToAddButtonTest" time="0.32"/>
  <testcase classname="com.pageTest.Component_1_Test" name="pageTitleTest" time="0.016"/>
  <testcase classname="com.pageTest.Component_1_Test" name="clearTheBoxTest" time="0.047"/>
  <testcase classname="com.pageTest.Component_1_Test" name="setNewValueTest" time="0.236"/>
  <testcase classname="com.pageTest.Component_1_Test" name="setNewValueTest" time="0.256"/>
  <testcase classname="com.pageTest.Component_1_Test" name="setNewValueTest" time="0.206"/>
  <testcase classname="com.pageTest.Component_1_Test" name="setNewValueTest" time="0.308"/>
  <testcase classname="com.pageTest.Component_1_Test" name="displayTitleDataTest" time="0.411"/>
  <testcase classname="com.pageTest.Component_1_Test" name="displayTitleDataTest" time="0.312"/>
  <testcase classname="com.pageTest.Component_1_Test" name="displayTitleDataTest" time="0.347"/>
  <testcase classname="com.pageTest.Component_1_Test" name="displayTitleDataTest" time="0.379"/>
  <testcase classname="com.pageTest.Component_3_Test" name="availableDataTest" time="0.108"/>
  <testcase classname="com.pageTest.Component_3_Test" name="firstRowDataTest" time="0.115"/>
  <testcase classname="com.pageTest.Component_3_Test" name="getFirstColumnDataTest" time="0.126"/>
  <testcase classname="com.pageTest.Component_3_Test" name="totalRowsAndColumnTest" time="0.088"/>
  <testcase classname="com.pageTest.Component_3_Test" name="pageTitleTest" time="0.007"/>
</testsuite> <!-- Command line test -->
