<?xml version="1.0" encoding="UTF-8"?>
<!-- Generated by org.testng.reporters.JUnitXMLReporter -->
<testsuite hostname="khosruzs-MBP.lan" ignored="0" name="Command line test" tests="15" failures="0" timestamp="2021-04-15T21:05:43 EDT" time="0.139" errors="0">
  <testcase name="@BeforeMethod setUp" time="0.008" classname="com.pageTest.Component_2_Test">
    <failure type="java.lang.NullPointerException">
      <![CDATA[java.lang.NullPointerException
at com.base.TestBase.initialization(TestBase.java:43)
at com.pageTest.Component_2_Test.setUp(Component_2_Test.java:29)
at java.util.ArrayList.forEach(ArrayList.java:1259)
... Removed 41 stack frames]]>
    </failure>
  </testcase> <!-- @BeforeMethod setUp -->
  <testcase name="@AfterMethod tearDown" time="-1.618535142904E9" classname="com.pageTest.Component_2_Test">
    <skipped/>
  </testcase> <!-- @AfterMethod tearDown -->
  <testcase name="@BeforeMethod setUp" time="-1.618535142908E9" classname="com.pageTest.Component_2_Test">
    <skipped/>
  </testcase> <!-- @BeforeMethod setUp -->
  <testcase name="@AfterMethod tearDown" time="-1.61853514291E9" classname="com.pageTest.Component_2_Test">
    <skipped/>
  </testcase> <!-- @AfterMethod tearDown -->
  <testcase name="@BeforeMethod setUp" time="-1.618535142911E9" classname="com.pageTest.Component_2_Test">
    <skipped/>
  </testcase> <!-- @BeforeMethod setUp -->
  <testcase name="@AfterMethod tearDown" time="-1.618535142912E9" classname="com.pageTest.Component_2_Test">
    <skipped/>
  </testcase> <!-- @AfterMethod tearDown -->
  <testcase name="@BeforeMethod setUp" time="-1.618535142914E9" classname="com.pageTest.Component_2_Test">
    <skipped/>
  </testcase> <!-- @BeforeMethod setUp -->
  <testcase name="@AfterMethod tearDown" time="-1.618535142914E9" classname="com.pageTest.Component_2_Test">
    <skipped/>
  </testcase> <!-- @AfterMethod tearDown -->
  <testcase name="@BeforeMethod setUp" time="-1.618535142915E9" classname="com.pageTest.Component_2_Test">
    <skipped/>
  </testcase> <!-- @BeforeMethod setUp -->
  <testcase name="@AfterMethod tearDown" time="-1.618535142915E9" classname="com.pageTest.Component_2_Test">
    <skipped/>
  </testcase> <!-- @AfterMethod tearDown -->
  <testcase name="@BeforeMethod setUp" time="-1.618535142916E9" classname="com.pageTest.Component_2_Test">
    <skipped/>
  </testcase> <!-- @BeforeMethod setUp -->
  <testcase name="@AfterMethod tearDown" time="-1.618535142916E9" classname="com.pageTest.Component_2_Test">
    <skipped/>
  </testcase> <!-- @AfterMethod tearDown -->
  <testcase name="@BeforeMethod setUp" time="0.001" classname="com.pageTest.Component_1_Test">
    <failure type="java.lang.NullPointerException">
      <![CDATA[java.lang.NullPointerException
at com.base.TestBase.initialization(TestBase.java:43)
at com.pageTest.Component_1_Test.setUp(Component_1_Test.java:31)
at java.util.ArrayList.forEach(ArrayList.java:1259)
... Removed 41 stack frames]]>
    </failure>
  </testcase> <!-- @BeforeMethod setUp -->
  <testcase name="@AfterMethod tearDown" time="-1.618535142923E9" classname="com.pageTest.Component_1_Test">
    <skipped/>
  </testcase> <!-- @AfterMethod tearDown -->
  <testcase name="@BeforeMethod setUp" time="-1.618535142925E9" classname="com.pageTest.Component_1_Test">
    <skipped/>
  </testcase> <!-- @BeforeMethod setUp -->
  <testcase name="@AfterMethod tearDown" time="-1.618535142926E9" classname="com.pageTest.Component_1_Test">
    <skipped/>
  </testcase> <!-- @AfterMethod tearDown -->
  <testcase name="@BeforeMethod setUp" time="0.0" classname="com.pageTest.Component_3_Test">
    <failure type="java.lang.NullPointerException">
      <![CDATA[java.lang.NullPointerException
at com.base.TestBase.initialization(TestBase.java:43)
at com.pageTest.Component_3_Test.setUp(Component_3_Test.java:21)
at java.util.ArrayList.forEach(ArrayList.java:1259)
... Removed 41 stack frames]]>
    </failure>
  </testcase> <!-- @BeforeMethod setUp -->
  <testcase name="@AfterMethod tearDown" time="-1.618535142986E9" classname="com.pageTest.Component_3_Test">
    <skipped/>
  </testcase> <!-- @AfterMethod tearDown -->
  <testcase name="@BeforeMethod setUp" time="-1.618535142986E9" classname="com.pageTest.Component_3_Test">
    <skipped/>
  </testcase> <!-- @BeforeMethod setUp -->
  <testcase name="@AfterMethod tearDown" time="-1.618535142986E9" classname="com.pageTest.Component_3_Test">
    <skipped/>
  </testcase> <!-- @AfterMethod tearDown -->
  <testcase name="@BeforeMethod setUp" time="-1.618535142987E9" classname="com.pageTest.Component_3_Test">
    <skipped/>
  </testcase> <!-- @BeforeMethod setUp -->
  <testcase name="@AfterMethod tearDown" time="-1.618535142988E9" classname="com.pageTest.Component_3_Test">
    <skipped/>
  </testcase> <!-- @AfterMethod tearDown -->
  <testcase name="@BeforeMethod setUp" time="-1.618535142988E9" classname="com.pageTest.Component_3_Test">
    <skipped/>
  </testcase> <!-- @BeforeMethod setUp -->
  <testcase name="@AfterMethod tearDown" time="-1.618535142988E9" classname="com.pageTest.Component_3_Test">
    <skipped/>
  </testcase> <!-- @AfterMethod tearDown -->
  <testcase name="@BeforeMethod setUp" time="-1.618535142988E9" classname="com.pageTest.Component_3_Test">
    <skipped/>
  </testcase> <!-- @BeforeMethod setUp -->
  <testcase name="@AfterMethod tearDown" time="-1.618535142988E9" classname="com.pageTest.Component_3_Test">
    <skipped/>
  </testcase> <!-- @AfterMethod tearDown -->
  <testcase name="clicToRemoveButtonTest" time="0.0" classname="com.pageTest.Component_2_Test">
    <skipped/>
  </testcase> <!-- clicToRemoveButtonTest -->
  <testcase name="displayItemsTest" time="0.0" classname="com.pageTest.Component_2_Test">
    <skipped/>
  </testcase> <!-- displayItemsTest -->
  <testcase name="selectLisItemtInVisiblilityTest" time="0.0" classname="com.pageTest.Component_2_Test">
    <skipped/>
  </testcase> <!-- selectLisItemtInVisiblilityTest -->
  <testcase name="selectListVisiblilityTest" time="0.0" classname="com.pageTest.Component_2_Test">
    <skipped/>
  </testcase> <!-- selectListVisiblilityTest -->
  <testcase name="pageTitleTest" time="0.0" classname="com.pageTest.Component_2_Test">
    <skipped/>
  </testcase> <!-- pageTitleTest -->
  <testcase name="clickToAddButtonTest" time="0.0" classname="com.pageTest.Component_2_Test">
    <skipped/>
  </testcase> <!-- clickToAddButtonTest -->
  <testcase name="pageTitleTest" time="0.0" classname="com.pageTest.Component_1_Test">
    <skipped/>
  </testcase> <!-- pageTitleTest -->
  <testcase name="clearTheBoxTest" time="0.0" classname="com.pageTest.Component_1_Test">
    <skipped/>
  </testcase> <!-- clearTheBoxTest -->
  <testcase name="setNewValueTest" time="0.0" classname="com.pageTest.Component_1_Test">
    <skipped/>
  </testcase> <!-- setNewValueTest -->
  <testcase name="displayTitleDataTest" time="0.0" classname="com.pageTest.Component_1_Test">
    <skipped/>
  </testcase> <!-- displayTitleDataTest -->
  <testcase name="availableDataTest" time="0.0" classname="com.pageTest.Component_3_Test">
    <skipped/>
  </testcase> <!-- availableDataTest -->
  <testcase name="firstRowDataTest" time="0.0" classname="com.pageTest.Component_3_Test">
    <skipped/>
  </testcase> <!-- firstRowDataTest -->
  <testcase name="getFirstColumnDataTest" time="0.0" classname="com.pageTest.Component_3_Test">
    <skipped/>
  </testcase> <!-- getFirstColumnDataTest -->
  <testcase name="totalRowsAndColumnTest" time="0.0" classname="com.pageTest.Component_3_Test">
    <skipped/>
  </testcase> <!-- totalRowsAndColumnTest -->
  <testcase name="pageTitleTest" time="0.0" classname="com.pageTest.Component_3_Test">
    <skipped/>
  </testcase> <!-- pageTitleTest -->
</testsuite> <!-- Command line test -->
