<?xml version="1.0" encoding="UTF-8" ?>
<testsuite tests="21" failures="1" name="TestSuite" time="6.209" errors="0" skipped="0">
  <properties>
[...]
</properties>
  <testcase classname="com.pageTest.Component_2_Test" name="clicToRemoveButtonTest" time="1.306"/>
  <testcase classname="com.pageTest.Component_2_Test" name="displayItemsTest" time="0.321"/>
  <testcase classname="com.pageTest.Component_2_Test" name="selectLisItemtInVisiblilityTest" time="0.734"/>
  <testcase classname="com.pageTest.Component_2_Test" name="selectListVisiblilityTest" time="0.552"/>
  <testcase classname="com.pageTest.Component_2_Test" name="pageTitleTest" time="0.011">
    <failure message="React App expected:&lt;React App&gt; but was:&lt;Page Title Doesnt match&gt;" type="java.lang.AssertionError">java.lang.AssertionError: React App expected:&lt;React App&gt; but was:&lt;Page Title Doesnt match&gt;
	at org.testng.AssertJUnit.assertEquals(AssertJUnit.java:115)
	at com.pageTest.Component_2_Test.pageTitleTest(Component_2_Test.java:36)
</failure>
    <system-out>Before navigating to: &apos;file:///Users/khosuzzaman/MyTest/AutomationSuitOfIndex/sample/index.html&apos;
Navigated to:&apos;file:///Users/khosuzzaman/MyTest/AutomationSuitOfIndex/sample/index.html&apos;
</system-out>
    <system-err>Starting ChromeDriver 86.0.4240.22 (398b0743353ff36fb1b82468f63a3a93b4e2e89e-refs/branch-heads/4240@{#378}) on port 35677
Only local connections are allowed.
Please see https://chromedriver.chromium.org/security-considerations for suggestions on keeping ChromeDriver safe.
ChromeDriver was started successfully.
[1610390943.508][WARNING]: This version of ChromeDriver has not been tested with Chrome version 87.
Jan 11, 2021 1:49:03 PM org.openqa.selenium.remote.ProtocolHandshake createSession
INFO: Detected dialect: W3C
</system-err>
  </testcase>
  <testcase classname="com.pageTest.Component_2_Test" name="clickToAddButtonTest" time="0.32"/>
  <testcase classname="com.pageTest.Component_1_Test" name="pageTitleTest" time="0.017"/>
  <testcase classname="com.pageTest.Component_1_Test" name="clearTheBoxTest" time="0.046"/>
  <testcase classname="com.pageTest.Component_1_Test" name="setNewValueTest" time="0.235"/>
  <testcase classname="com.pageTest.Component_1_Test" name="setNewValueTest" time="0.256"/>
  <testcase classname="com.pageTest.Component_1_Test" name="setNewValueTest" time="0.208"/>
  <testcase classname="com.pageTest.Component_1_Test" name="setNewValueTest" time="0.308"/>
  <testcase classname="com.pageTest.Component_1_Test" name="displayTitleDataTest" time="0.41"/>
  <testcase classname="com.pageTest.Component_1_Test" name="displayTitleDataTest" time="0.309"/>
  <testcase classname="com.pageTest.Component_1_Test" name="displayTitleDataTest" time="0.347"/>
  <testcase classname="com.pageTest.Component_1_Test" name="displayTitleDataTest" time="0.38"/>
  <testcase classname="com.pageTest.Component_3_Test" name="availableDataTest" time="0.111"/>
  <testcase classname="com.pageTest.Component_3_Test" name="firstRowDataTest" time="0.116"/>
  <testcase classname="com.pageTest.Component_3_Test" name="getFirstColumnDataTest" time="0.126"/>
  <testcase classname="com.pageTest.Component_3_Test" name="totalRowsAndColumnTest" time="0.089"/>
  <testcase classname="com.pageTest.Component_3_Test" name="pageTitleTest" time="0.007"/>
</testsuite>